Arguments: 
  C:\Program Files\nodejs\node.exe C:\Program Files (x86)\Yarn\bin\yarn.js add --dev @react-native-comunity/bob

PATH: 
  C:\Users\mesaque.francisco\bin;D:\cmder\bin;D:\cmder\vendor\bin;D:\cmder\vendor\git-for-windows\bin;D:\cmder\vendor\git-for-windows\mingw64\bin;D:\cmder\vendor\git-for-windows\usr\local\bin;D:\cmder\vendor\git-for-windows\usr\bin;D:\cmder\vendor\git-for-windows\usr\bin;D:\cmder\vendor\git-for-windows\mingw64\bin;D:\cmder\vendor\git-for-windows\usr\bin;C:\Users\mesaque.francisco\bin;D:\cmder\vendor\conemu-maximus5\ConEmu\Scripts;D:\cmder\vendor\conemu-maximus5;D:\cmder\vendor\conemu-maximus5\ConEmu;C:\Program Files (x86)\Common Files\Oracle\Java\javapath;C:\ProgramData\Oracle\Java\javapath;C:\Program Files (x86)\Intel\Intel(R) Management Engine Components\iCLS;C:\Program Files\Intel\Intel(R) Management Engine Components\iCLS;C:\WINDOWS\system32;C:\WINDOWS;C:\WINDOWS\System32\Wbem;C:\WINDOWS\System32\WindowsPowerShell\v1.0;C:\Program Files (x86)\Intel\Intel(R) Management Engine Components\DAL;C:\Program Files\Intel\Intel(R) Management Engine Components\DAL;C:\Program Files (x86)\Intel\Intel(R) Management Engine Components\IPT;C:\Program Files\Intel\Intel(R) Management Engine Components\IPT;D:\gradle-4.6\bin;D:\android_sdk\tools;D:\android_sdk\platform-tools;D:\android_sdk\build-tools;C:\Java\jdk1.8.0_161\bin;C:\WINDOWS\System32\OpenSSH;C:\Program Files\Microsoft VS Code\bin;C:\Program Files\nodejs;C:\Program Files (x86)\Yarn\bin;C:\Program Files\Pandoc;C:\Program Files\MiKTeX 2.9\miktex\bin\x64;D:\marp;C:\Program Files\gedit\bin;D:\server\nginx;C:\Users\mesaque.francisco\.windows-build-tools\python27;C:\Program Files\nodejs\node_modules\npm\node_modules\npm-lifecycle\node-gyp-bin;C:\Users\mesaque.francisco\AppData\Roaming\npm\node_modules\windows-build-tools\node_modules\.bin;C:\Users\mesaque.francisco\AppData\Roaming\npm\node_modules\.bin;C:\Users\mesaque.francisco\AppData\Local\Microsoft\WindowsApps;D:\cmder;C:\Users\mesaque.francisco\AppData\Roaming\npm;C:\Users\mesaque.francisco\AppData\Local\Yarn\bin;D:\cmder\vendor\git-for-windows\;D:\cmder;D:\cmder\bin;D:\cmder\vendor\git-for-windows\usr\bin\vendor_perl;D:\cmder\vendor\git-for-windows\usr\bin\core_perl;D:\cmder\bin

Yarn version: 
  1.15.2

Node version: 
  8.10.0

Platform: 
  win32 x64

Trace: 
  Error: https://nexus.wssim.com.br/repository/cloud-npm-all/@react-native-comunity%2fbob: Not found
      at Request.params.callback [as _callback] (C:\Program Files (x86)\Yarn\lib\cli.js:65167:18)
      at Request.self.callback (C:\Program Files (x86)\Yarn\lib\cli.js:129541:22)
      at emitTwo (events.js:126:13)
      at Request.emit (events.js:214:7)
      at Request.<anonymous> (C:\Program Files (x86)\Yarn\lib\cli.js:130513:10)
      at emitOne (events.js:116:13)
      at Request.emit (events.js:211:7)
      at IncomingMessage.<anonymous> (C:\Program Files (x86)\Yarn\lib\cli.js:130435:12)
      at Object.onceWrapper (events.js:313:30)
      at emitNone (events.js:111:20)

npm manifest: 
  {
    "name": "@mesaquen/react-native-state-view",
    "version": "1.0.0",
    "main": "index.js",
    "author": "Mesaque do Nascimento Francisco <mesaque.francisco@wssim.com.br>",
    "license": "MIT"
  }

yarn manifest: 
  No manifest

Lockfile: 
  No lockfile
